0 info it worked if it ends with ok
1 verbose cli [ '/usr/local/bin/node', '/usr/local/bin/npm', 'run', 'dev' ]
2 info using npm@3.8.9
3 info using node@v6.0.0
4 verbose run-script [ 'predev', 'dev', 'postdev' ]
5 info lifecycle react-starter@1.0.0~predev: react-starter@1.0.0
6 silly lifecycle react-starter@1.0.0~predev: no script for predev, continuing
7 info lifecycle react-starter@1.0.0~dev: react-starter@1.0.0
8 verbose lifecycle react-starter@1.0.0~dev: unsafe-perm in lifecycle true
9 verbose lifecycle react-starter@1.0.0~dev: PATH: /usr/local/lib/node_modules/npm/bin/node-gyp-bin:/Users/pratishshr/development/codehome/react-starter/node_modules/.bin:/usr/local/bin:/Users/pratishshr/.rvm/gems/ruby-2.2.4/bin:/Users/pratishshr/.rvm/gems/ruby-2.2.4@global/bin:/Users/pratishshr/.rvm/rubies/ruby-2.2.4/bin:/usr/local/opt/android-sdk/platform-tools:/usr/local/opt/android-sdk/tools:/usr/local/bin:/usr/bin:/bin:/usr/sbin:/sbin:/Users/pratishshr/.rvm/bin
10 verbose lifecycle react-starter@1.0.0~dev: CWD: /Users/pratishshr/development/codehome/react-starter
11 silly lifecycle react-starter@1.0.0~dev: Args: [ '-c', 'webpack-dev-server --hot' ]
12 silly lifecycle react-starter@1.0.0~dev: Returned: code: 1  signal: null
13 info lifecycle react-starter@1.0.0~dev: Failed to exec dev script
14 verbose stack Error: react-starter@1.0.0 dev: `webpack-dev-server --hot`
14 verbose stack Exit status 1
14 verbose stack     at EventEmitter.<anonymous> (/usr/local/lib/node_modules/npm/lib/utils/lifecycle.js:245:16)
14 verbose stack     at emitTwo (events.js:106:13)
14 verbose stack     at EventEmitter.emit (events.js:191:7)
14 verbose stack     at ChildProcess.<anonymous> (/usr/local/lib/node_modules/npm/lib/utils/spawn.js:24:14)
14 verbose stack     at emitTwo (events.js:106:13)
14 verbose stack     at ChildProcess.emit (events.js:191:7)
14 verbose stack     at maybeClose (internal/child_process.js:850:16)
14 verbose stack     at Process.ChildProcess._handle.onexit (internal/child_process.js:215:5)
15 verbose pkgid react-starter@1.0.0
16 verbose cwd /Users/pratishshr/development/codehome/react-starter
17 error Darwin 15.4.0
18 error argv "/usr/local/bin/node" "/usr/local/bin/npm" "run" "dev"
19 error node v6.0.0
20 error npm  v3.8.9
21 error code ELIFECYCLE
22 error react-starter@1.0.0 dev: `webpack-dev-server --hot`
22 error Exit status 1
23 error Failed at the react-starter@1.0.0 dev script 'webpack-dev-server --hot'.
23 error Make sure you have the latest version of node.js and npm installed.
23 error If you do, this is most likely a problem with the react-starter package,
23 error not with npm itself.
23 error Tell the author that this fails on your system:
23 error     webpack-dev-server --hot
23 error You can get information on how to open an issue for this project with:
23 error     npm bugs react-starter
23 error Or if that isn't available, you can get their info via:
23 error     npm owner ls react-starter
23 error There is likely additional logging output above.
24 verbose exit [ 1, true ]
